d:\files\嵌入式导论\ucos-ii\debug\vc141.pdb
d:\files\嵌入式导论\ucos-ii\debug\vc141.idb
d:\files\嵌入式导论\ucos-ii\debug\ucos_ii.sbr
d:\files\嵌入式导论\ucos-ii\debug\os_dbg_r.sbr
d:\files\嵌入式导论\ucos-ii\debug\os_trace.sbr
d:\files\嵌入式导论\ucos-ii\debug\os_cpu_c.sbr
d:\files\嵌入式导论\ucos-ii\debug\main1.sbr
d:\files\嵌入式导论\ucos-ii\debug\main.sbr
d:\files\嵌入式导论\ucos-ii\debug\main.obj
d:\files\嵌入式导论\ucos-ii\debug\main1.obj
d:\files\嵌入式导论\ucos-ii\debug\os_cpu_c.obj
d:\files\嵌入式导论\ucos-ii\debug\os_trace.obj
d:\files\嵌入式导论\ucos-ii\debug\os_dbg_r.obj
d:\files\嵌入式导论\ucos-ii\debug\ucos_ii.obj
d:\files\嵌入式导论\ucos-ii\debug\ucosii.pdb
d:\files\嵌入式导论\ucos-ii\debug\ucosii.tlog\cl.command.1.tlog
d:\files\嵌入式导论\ucos-ii\debug\ucosii.tlog\cl.read.1.tlog
d:\files\嵌入式导论\ucos-ii\debug\ucosii.tlog\cl.write.1.tlog
d:\files\嵌入式导论\ucos-ii\debug\ucosii.tlog\link-cvtres.read.1.tlog
d:\files\嵌入式导论\ucos-ii\debug\ucosii.tlog\link-cvtres.write.1.tlog
d:\files\嵌入式导论\ucos-ii\debug\ucosii.tlog\link-rc.read.1.tlog
d:\files\嵌入式导论\ucos-ii\debug\ucosii.tlog\link-rc.write.1.tlog
d:\files\嵌入式导论\ucos-ii\debug\ucosii.tlog\link.command.1.tlog
d:\files\嵌入式导论\ucos-ii\debug\ucosii.tlog\link.read.1.tlog
d:\files\嵌入式导论\ucos-ii\debug\ucosii.tlog\link.write.1.tlog
